<?xml version="1.0" encoding="UTF-8"?>
<!-- Generated by org.testng.reporters.JUnitReportReporter -->
<testsuite skipped="0" hostname="arkas-MacBook-Pro.local" name="com.JSONValidate.qa.TestCase.HttpGetMethodJSONValidateTest" tests="2" failures="0" timestamp="01 Jun 2018 13:02:29 GMT" time="2.409" errors="0">
  <testcase name="GetStatusCodeValidation" time="0.678" classname="com.JSONValidate.qa.TestCase.HttpGetMethodJSONValidateTest"/>
  <testcase name="GetJSONStringValidation" time="1.731" classname="com.JSONValidate.qa.TestCase.HttpGetMethodJSONValidateTest"/>
</testsuite> <!-- com.JSONValidate.qa.TestCase.HttpGetMethodJSONValidateTest -->
